This is pdfTeX, Version 3.14159265-2.6-1.40.16 (TeX Live 2015/Debian) (preloaded format=pdflatex 2017.2.2)  24 AUG 2017 20:44
entering extended mode
 restricted \write18 enabled.
 %&-line parsing enabled.
**conquer.tex
(./conquer.tex
LaTeX2e <2016/02/01>
Babel <3.9q> and hyphenation patterns for 81 language(s) loaded.
(/usr/share/texlive/texmf-dist/tex/latex/base/book.cls
Document Class: book 2014/09/29 v1.4h Standard LaTeX document class
(/usr/share/texlive/texmf-dist/tex/latex/base/bk12.clo
File: bk12.clo 2014/09/29 v1.4h Standard LaTeX file (size option)
)
\c@part=\count79
\c@chapter=\count80
\c@section=\count81
\c@subsection=\count82
\c@subsubsection=\count83
\c@paragraph=\count84
\c@subparagraph=\count85
\c@figure=\count86
\c@table=\count87
\abovecaptionskip=\skip41
\belowcaptionskip=\skip42
\bibindent=\dimen102
)
(/usr/share/texlive/texmf-dist/tex/latex/enumitem/enumitem.sty
Package: enumitem 2011/09/28 v3.5.2 Customized lists
\enitkv@toks@=\toks14
\labelindent=\skip43
\enit@outerparindent=\dimen103
\enit@toks=\toks15
\enit@inbox=\box26
\enitdp@description=\count88
) (./conquer.aux)
\openout1 = `conquer.aux'.

LaTeX Font Info:    Checking defaults for OML/cmm/m/it on input line 6.
LaTeX Font Info:    ... okay on input line 6.
LaTeX Font Info:    Checking defaults for T1/cmr/m/n on input line 6.
LaTeX Font Info:    ... okay on input line 6.
LaTeX Font Info:    Checking defaults for OT1/cmr/m/n on input line 6.
LaTeX Font Info:    ... okay on input line 6.
LaTeX Font Info:    Checking defaults for OMS/cmsy/m/n on input line 6.
LaTeX Font Info:    ... okay on input line 6.
LaTeX Font Info:    Checking defaults for OMX/cmex/m/n on input line 6.
LaTeX Font Info:    ... okay on input line 6.
LaTeX Font Info:    Checking defaults for U/cmr/m/n on input line 6.
LaTeX Font Info:    ... okay on input line 6.
LaTeX Font Info:    External font `cmex10' loaded for size
(Font)              <14.4> on input line 7.
LaTeX Font Info:    External font `cmex10' loaded for size
(Font)              <7> on input line 7.
[1


{/var/lib/texmf/fonts/map/pdftex/updmap/pdftex.map}] (./conquer.toc
LaTeX Font Info:    External font `cmex10' loaded for size
(Font)              <12> on input line 2.
LaTeX Font Info:    External font `cmex10' loaded for size
(Font)              <8> on input line 2.
LaTeX Font Info:    External font `cmex10' loaded for size
(Font)              <6> on input line 2.
 [1

])
\tf@toc=\write3
\openout3 = `conquer.toc'.


[2]
Chapter 1.
[3

] [4] [5] [6]
Chapter 2.
[7

] [8]
Overfull \hbox (180.34308pt too wide) in paragraph at lines 114--115
[]\OT1/cmr/bx/n/12 toggle op-tions \OT1/cmr/m/n/12 Place-holder def-i-ni-tion. 
(note the set op-tion|nooption|option?|option!|option(ampersand)
 []

[9] [10]
Chapter 3.
[11

] [12]
Chapter 4.
[13

]
Overfull \vbox (86.70003pt too high) has occurred while \output is active []


[14] (./conquer.aux) ) 
Here is how much of TeX's memory you used:
 554 strings out of 493029
 7734 string characters out of 6136235
 66417 words of memory out of 5000000
 4157 multiletter control sequences out of 15000+600000
 9766 words of font info for 34 fonts, out of 8000000 for 9000
 1141 hyphenation exceptions out of 8191
 23i,6n,19p,588b,259s stack positions out of 5000i,500n,10000p,200000b,80000s
</usr/share/texlive/texmf-dist/fonts/type1/public/amsfont
s/cm/cmbx12.pfb></usr/share/texlive/texmf-dist/fonts/type1/public/amsfonts/cm/c
mr12.pfb></usr/share/texlive/texmf-dist/fonts/type1/public/amsfonts/cm/cmr17.pf
b></usr/share/texlive/texmf-dist/fonts/type1/public/amsfonts/cm/cmsl12.pfb>
Output written on conquer.pdf (15 pages, 80208 bytes).
PDF statistics:
 69 PDF objects out of 1000 (max. 8388607)
 47 compressed objects within 1 object stream
 0 named destinations out of 1000 (max. 500000)
 1 words of extra memory for PDF output out of 10000 (max. 10000000)

